Installing in /Users/amaricci/projects_src/scifor/gnu.
Creating directories:
ARmake.inc
Copying init script for ARPACK
cp: /Users/amaricci/projects_src/scifor/opt/arpack/bin/configvars.sh: No such file or directory

Generating environment module file for ARPACK

Compiling ARPACK library on platform gnu:

( cd /Users/amaricci/projects_src/scifor/opt/arpack/blas; /Applications/Xcode.app/Contents/Developer/usr/bin/make clean )
Makefile:69: warning: overriding commands for target `.f.o'
../ARmake.inc:39: warning: ignoring old commands for target `.f.o'
rm -f *.o a.out core
( cd /Users/amaricci/projects_src/scifor/opt/arpack/lapack; /Applications/Xcode.app/Contents/Developer/usr/bin/make clean )
Makefile:91: warning: overriding commands for target `.f.o'
../ARmake.inc:39: warning: ignoring old commands for target `.f.o'
rm -f *.o a.out core
( cd /Users/amaricci/projects_src/scifor/opt/arpack/util; /Applications/Xcode.app/Contents/Developer/usr/bin/make clean )
Makefile:47: warning: overriding commands for target `.f.o'
../ARmake.inc:39: warning: ignoring old commands for target `.f.o'
rm -f *.o a.out core
( cd /Users/amaricci/projects_src/scifor/opt/arpack/src; /Applications/Xcode.app/Contents/Developer/usr/bin/make clean )
Makefile:50: warning: overriding commands for target `.f.o'
../ARmake.inc:39: warning: ignoring old commands for target `.f.o'
rm -f *.o a.out core
rm -rfv /Users/amaricci/projects_src/scifor/opt/arpack/src/obj_*
/Users/amaricci/projects_src/scifor/opt/arpack/src/obj_gnu
rm -rfv /Users/amaricci/projects_src/scifor/opt/arpack/blas/blas_*
/Users/amaricci/projects_src/scifor/opt/arpack/blas/blas_gnu
rm -rfv /Users/amaricci/projects_src/scifor/opt/arpack/lapack/lapack_*
/Users/amaricci/projects_src/scifor/opt/arpack/lapack/lapack_gnu
rm -rfv /Users/amaricci/projects_src/scifor/opt/arpack/util/util_*
/Users/amaricci/projects_src/scifor/opt/arpack/util/util_gnu
