Installing in /Users/amaricci/opt/scifor/gnu.
Creating directories:
Copying init script for LAPACK
/opt/scifor/opt/lapack/bin/configvars.sh -> /Users/amaricci/opt/scifor/gnu/bin/configvars.sh

Generating environment module file for LAPACK

Compiling LAPACK library on platform gnu:

( cd install; /Applications/Xcode.app/Contents/Developer/usr/bin/make clean )
rm -f *.o
( cd blas/src; /Applications/Xcode.app/Contents/Developer/usr/bin/make clean )
rm -f *.o
( cd src; /Applications/Xcode.app/Contents/Developer/usr/bin/make clean )
rm -f *.o
( cd src/VARIANTS; /Applications/Xcode.app/Contents/Developer/usr/bin/make clean )
rm -f cholesky/RL/cpotrf.o cholesky/RL/dpotrf.o cholesky/RL/spotrf.o cholesky/RL/zpotrf.o cholesky/TOP/cpotrf.o cholesky/TOP/dpotrf.o cholesky/TOP/spotrf.o cholesky/TOP/zpotrf.o lu/CR/cgetrf.o lu/CR/dgetrf.o lu/CR/sgetrf.o lu/CR/zgetrf.o lu/LL/cgetrf.o lu/LL/dgetrf.o lu/LL/sgetrf.o lu/LL/zgetrf.o lu/REC/cgetrf.o lu/REC/dgetrf.o lu/REC/sgetrf.o lu/REC/zgetrf.o qr/LL/cgeqrf.o qr/LL/dgeqrf.o qr/LL/sgeqrf.o qr/LL/zgeqrf.o  qr/LL/sceil.o \
	      LIB/*.a
( cd blas/TESTING; /Applications/Xcode.app/Contents/Developer/usr/bin/make -f Makeblat1 clean )
rm -f *.o
( cd blas/TESTING; /Applications/Xcode.app/Contents/Developer/usr/bin/make -f Makeblat2 clean )
rm -f *.o
( cd blas/TESTING; /Applications/Xcode.app/Contents/Developer/usr/bin/make -f Makeblat3 clean )
rm -f *.o
( cd blas; rm -f xblat* )
( cd TESTING/LIN; /Applications/Xcode.app/Contents/Developer/usr/bin/make clean )
/bin/sh: line 0: cd: TESTING/LIN: No such file or directory
( cd install; /Applications/Xcode.app/Contents/Developer/usr/bin/make clean )
rm -f *.o
( cd blas/src; /Applications/Xcode.app/Contents/Developer/usr/bin/make clean )
rm -f *.o
( cd src; /Applications/Xcode.app/Contents/Developer/usr/bin/make clean )
rm -f *.o
( cd src/VARIANTS; /Applications/Xcode.app/Contents/Developer/usr/bin/make clean )
rm -f cholesky/RL/cpotrf.o cholesky/RL/dpotrf.o cholesky/RL/spotrf.o cholesky/RL/zpotrf.o cholesky/TOP/cpotrf.o cholesky/TOP/dpotrf.o cholesky/TOP/spotrf.o cholesky/TOP/zpotrf.o lu/CR/cgetrf.o lu/CR/dgetrf.o lu/CR/sgetrf.o lu/CR/zgetrf.o lu/LL/cgetrf.o lu/LL/dgetrf.o lu/LL/sgetrf.o lu/LL/zgetrf.o lu/REC/cgetrf.o lu/REC/dgetrf.o lu/REC/sgetrf.o lu/REC/zgetrf.o qr/LL/cgeqrf.o qr/LL/dgeqrf.o qr/LL/sgeqrf.o qr/LL/zgeqrf.o  qr/LL/sceil.o \
	      LIB/*.a
( cd TESTING/EIG; /Applications/Xcode.app/Contents/Developer/usr/bin/make clean )
/bin/sh: line 0: cd: TESTING/EIG: No such file or directory
( cd install; /Applications/Xcode.app/Contents/Developer/usr/bin/make clean )
rm -f *.o
( cd blas/src; /Applications/Xcode.app/Contents/Developer/usr/bin/make clean )
rm -f *.o
( cd src; /Applications/Xcode.app/Contents/Developer/usr/bin/make clean )
rm -f *.o
( cd src/VARIANTS; /Applications/Xcode.app/Contents/Developer/usr/bin/make clean )
rm -f cholesky/RL/cpotrf.o cholesky/RL/dpotrf.o cholesky/RL/spotrf.o cholesky/RL/zpotrf.o cholesky/TOP/cpotrf.o cholesky/TOP/dpotrf.o cholesky/TOP/spotrf.o cholesky/TOP/zpotrf.o lu/CR/cgetrf.o lu/CR/dgetrf.o lu/CR/sgetrf.o lu/CR/zgetrf.o lu/LL/cgetrf.o lu/LL/dgetrf.o lu/LL/sgetrf.o lu/LL/zgetrf.o lu/REC/cgetrf.o lu/REC/dgetrf.o lu/REC/sgetrf.o lu/REC/zgetrf.o qr/LL/cgeqrf.o qr/LL/dgeqrf.o qr/LL/sgeqrf.o qr/LL/zgeqrf.o  qr/LL/sceil.o \
	      LIB/*.a
( cd TESTING; rm -f xlin* xeig* )
/bin/sh: line 0: cd: TESTING: No such file or directory
rm -rfv src/obj_*
src/obj_gnu
rm -fv install/test*  blas/*.out
