Installing in /Users/amaricci/projects_src/scifor/gnu.
Creating directories:
Copying init script for FFTPACK
cp: /Users/amaricci/projects_src/scifor/opt/fftpack/bin/configvars.sh: No such file or directory

Generating environment module file for FFTPACK

Compiling FFTPACK library on platform gnu:

rm -fv *.o 
rm -rfv ./src/obj_*
./src/obj_gnu
./src/obj_gnu_debug/c1f2kb.o
./src/obj_gnu_debug/c1f2kf.o
./src/obj_gnu_debug/c1f3kb.o
./src/obj_gnu_debug/c1f3kf.o
./src/obj_gnu_debug/c1f4kb.o
./src/obj_gnu_debug/c1f4kf.o
./src/obj_gnu_debug/c1f5kb.o
./src/obj_gnu_debug/c1f5kf.o
./src/obj_gnu_debug/c1fgkb.o
./src/obj_gnu_debug/c1fgkf.o
./src/obj_gnu_debug/c1fm1b.o
./src/obj_gnu_debug/c1fm1f.o
./src/obj_gnu_debug/cfft1b.o
./src/obj_gnu_debug/cfft1f.o
./src/obj_gnu_debug/cfft1i.o
./src/obj_gnu_debug/cfft2b.o
./src/obj_gnu_debug/cfft2f.o
./src/obj_gnu_debug/cfft2i.o
./src/obj_gnu_debug/cfftmb.o
./src/obj_gnu_debug/cfftmf.o
./src/obj_gnu_debug/cfftmi.o
./src/obj_gnu_debug/cmf2kb.o
./src/obj_gnu_debug/cmf2kf.o
./src/obj_gnu_debug/cmf3kb.o
./src/obj_gnu_debug/cmf3kf.o
./src/obj_gnu_debug/cmf4kb.o
./src/obj_gnu_debug/cmf4kf.o
./src/obj_gnu_debug/cmf5kb.o
./src/obj_gnu_debug/cmf5kf.o
./src/obj_gnu_debug/cmfgkb.o
./src/obj_gnu_debug/cmfgkf.o
./src/obj_gnu_debug/cmfm1b.o
./src/obj_gnu_debug/cmfm1f.o
./src/obj_gnu_debug/cosq1b.o
./src/obj_gnu_debug/cosq1f.o
./src/obj_gnu_debug/cosq1i.o
./src/obj_gnu_debug/cosqb1.o
./src/obj_gnu_debug/cosqf1.o
./src/obj_gnu_debug/cosqmb.o
./src/obj_gnu_debug/cosqmf.o
./src/obj_gnu_debug/cosqmi.o
./src/obj_gnu_debug/cost1b.o
./src/obj_gnu_debug/cost1f.o
./src/obj_gnu_debug/cost1i.o
./src/obj_gnu_debug/costb1.o
./src/obj_gnu_debug/costf1.o
./src/obj_gnu_debug/costmb.o
./src/obj_gnu_debug/costmf.o
./src/obj_gnu_debug/costmi.o
./src/obj_gnu_debug/mcsqb1.o
./src/obj_gnu_debug/mcsqf1.o
./src/obj_gnu_debug/mcstb1.o
./src/obj_gnu_debug/mcstf1.o
./src/obj_gnu_debug/mradb2.o
./src/obj_gnu_debug/mradb3.o
./src/obj_gnu_debug/mradb4.o
./src/obj_gnu_debug/mradb5.o
./src/obj_gnu_debug/mradbg.o
./src/obj_gnu_debug/mradf2.o
./src/obj_gnu_debug/mradf3.o
./src/obj_gnu_debug/mradf4.o
./src/obj_gnu_debug/mradf5.o
./src/obj_gnu_debug/mradfg.o
./src/obj_gnu_debug/mrftb1.o
./src/obj_gnu_debug/mrftf1.o
./src/obj_gnu_debug/mrfti1.o
./src/obj_gnu_debug/msntb1.o
./src/obj_gnu_debug/msntf1.o
./src/obj_gnu_debug/r1f2kb.o
./src/obj_gnu_debug/r1f2kf.o
./src/obj_gnu_debug/r1f3kb.o
./src/obj_gnu_debug/r1f3kf.o
./src/obj_gnu_debug/r1f4kb.o
./src/obj_gnu_debug/r1f4kf.o
./src/obj_gnu_debug/r1f5kb.o
./src/obj_gnu_debug/r1f5kf.o
./src/obj_gnu_debug/r1fgkb.o
./src/obj_gnu_debug/r1fgkf.o
./src/obj_gnu_debug/r2w.o
./src/obj_gnu_debug/r8_factor.o
./src/obj_gnu_debug/r8_mcfti1.o
./src/obj_gnu_debug/r8_tables.o
./src/obj_gnu_debug/rfft1b.o
./src/obj_gnu_debug/rfft1f.o
./src/obj_gnu_debug/rfft1i.o
./src/obj_gnu_debug/rfft2b.o
./src/obj_gnu_debug/rfft2f.o
./src/obj_gnu_debug/rfft2i.o
./src/obj_gnu_debug/rfftb1.o
./src/obj_gnu_debug/rfftf1.o
./src/obj_gnu_debug/rffti1.o
./src/obj_gnu_debug/rfftmb.o
./src/obj_gnu_debug/rfftmf.o
./src/obj_gnu_debug/rfftmi.o
./src/obj_gnu_debug/sinq1b.o
./src/obj_gnu_debug/sinq1f.o
./src/obj_gnu_debug/sinq1i.o
./src/obj_gnu_debug/sinqmb.o
./src/obj_gnu_debug/sinqmf.o
./src/obj_gnu_debug/sinqmi.o
./src/obj_gnu_debug/sint1b.o
./src/obj_gnu_debug/sint1f.o
./src/obj_gnu_debug/sint1i.o
./src/obj_gnu_debug/sintb1.o
./src/obj_gnu_debug/sintf1.o
./src/obj_gnu_debug/sintmb.o
./src/obj_gnu_debug/sintmf.o
./src/obj_gnu_debug/sintmi.o
./src/obj_gnu_debug/w2r.o
./src/obj_gnu_debug/xercon.o
./src/obj_gnu_debug/xerfft.o
./src/obj_gnu_debug
