Installing in /Users/amaricci/projects_src/scifor/gnu.
Creating directories:
Copying init script for MINPACK
cp: /Users/amaricci/projects_src/scifor/opt/minpack/bin/configvars.sh: No such file or directory

Generating environment module file for MINPACK

Compiling MINPACK library on platform gnu:

rm -fv  *.o
rm -rfv ./src/obj_*
./src/obj_gnu
./src/obj_gnu_debug/chkder.o
./src/obj_gnu_debug/dogleg.o
./src/obj_gnu_debug/enorm.o
./src/obj_gnu_debug/enorm2.o
./src/obj_gnu_debug/fdjac1.o
./src/obj_gnu_debug/fdjac2.o
./src/obj_gnu_debug/hybrd.o
./src/obj_gnu_debug/hybrd1.o
./src/obj_gnu_debug/hybrj.o
./src/obj_gnu_debug/hybrj1.o
./src/obj_gnu_debug/lmder.o
./src/obj_gnu_debug/lmder1.o
./src/obj_gnu_debug/lmdif.o
./src/obj_gnu_debug/lmdif1.o
./src/obj_gnu_debug/lmpar.o
./src/obj_gnu_debug/lmstr.o
./src/obj_gnu_debug/lmstr1.o
./src/obj_gnu_debug/qform.o
./src/obj_gnu_debug/qrfac.o
./src/obj_gnu_debug/qrsolv.o
./src/obj_gnu_debug/r1mpyq.o
./src/obj_gnu_debug/r1updt.o
./src/obj_gnu_debug/r8vec_print.o
./src/obj_gnu_debug/rwupdt.o
./src/obj_gnu_debug/timestamp.o
./src/obj_gnu_debug
